c:\users\thebe\desktop\opengl\bin\intemediates\x64\debug\vc142.pdb
c:\users\thebe\desktop\opengl\bin\intemediates\x64\debug\vc142.idb
c:\users\thebe\desktop\opengl\bin\intemediates\x64\debug\texturecubemap.obj
c:\users\thebe\desktop\opengl\bin\intemediates\x64\debug\texture.obj
c:\users\thebe\desktop\opengl\bin\intemediates\x64\debug\texturebasic.obj
c:\users\thebe\desktop\opengl\bin\intemediates\x64\debug\vertexbufferlayout.obj
c:\users\thebe\desktop\opengl\bin\intemediates\x64\debug\vertexarray.obj
c:\users\thebe\desktop\opengl\bin\intemediates\x64\debug\vertexbuffer.obj
c:\users\thebe\desktop\opengl\bin\intemediates\x64\debug\stb_image.obj
c:\users\thebe\desktop\opengl\bin\intemediates\x64\debug\imgui_impl_glfw_gl3.obj
c:\users\thebe\desktop\opengl\bin\intemediates\x64\debug\imgui_draw.obj
c:\users\thebe\desktop\opengl\bin\intemediates\x64\debug\imgui_demo.obj
c:\users\thebe\desktop\opengl\bin\intemediates\x64\debug\imgui.obj
c:\users\thebe\desktop\opengl\bin\intemediates\x64\debug\glm.obj
c:\users\thebe\desktop\opengl\bin\intemediates\x64\debug\renderer.obj
c:\users\thebe\desktop\opengl\bin\intemediates\x64\debug\indexbuffer.obj
c:\users\thebe\desktop\opengl\bin\intemediates\x64\debug\application.obj
c:\users\thebe\desktop\opengl\bin\intemediates\x64\debug\shader.obj
c:\users\thebe\desktop\opengl\bin\intemediates\x64\debug\camera.obj
c:\users\thebe\desktop\opengl\bin\intemediates\x64\debug\input.obj
c:\users\thebe\desktop\opengl\bin\intemediates\x64\debug\mesh.obj
c:\users\thebe\desktop\opengl\bin\intemediates\x64\debug\model.obj
c:\users\thebe\desktop\opengl\bin\intemediates\x64\debug\uniformbuffer.obj
c:\users\thebe\desktop\opengl\bin\intemediates\x64\debug\glad.obj
c:\users\thebe\desktop\opengl\bin\x64\debug\opengl.ilk
c:\users\thebe\desktop\opengl\bin\x64\debug\opengl.exe
c:\users\thebe\desktop\opengl\bin\x64\debug\opengl.pdb
c:\users\thebe\desktop\opengl\\bin\x64\debug\opengl.pdb
c:\users\thebe\desktop\opengl\\bin\x64\debug\opengl.ilk
c:\users\thebe\desktop\opengl\bin\intemediates\x64\debug\opengl.tlog\cl.command.1.tlog
c:\users\thebe\desktop\opengl\bin\intemediates\x64\debug\opengl.tlog\cl.read.1.tlog
c:\users\thebe\desktop\opengl\bin\intemediates\x64\debug\opengl.tlog\cl.write.1.tlog
c:\users\thebe\desktop\opengl\bin\intemediates\x64\debug\opengl.tlog\link.command.1.tlog
c:\users\thebe\desktop\opengl\bin\intemediates\x64\debug\opengl.tlog\link.read.1.tlog
c:\users\thebe\desktop\opengl\bin\intemediates\x64\debug\opengl.tlog\link.write.1.tlog
